<?xml version="1.0" encoding="UTF-8"?>
<testsuite name="com.gt.admin.catalogo.application.UseCaseTest" tests="1" skipped="0" failures="0" errors="0" timestamp="2022-12-29T00:07:39" hostname="nb-005045" time="0.001">
  <properties/>
  <testcase name="test()" classname="com.gt.admin.catalogo.application.UseCaseTest" time="0.001"/>
  <system-out><![CDATA[]]></system-out>
  <system-err><![CDATA[]]></system-err>
</testsuite>
