<?xml version="1.0" encoding="UTF-8"?>
<testsuite name="com.gt.admin.catalogo.application.category.retrieve.list.ListCategoriesUseCaseTest" tests="3" skipped="0" failures="0" errors="0" timestamp="2022-12-29T00:07:39" hostname="nb-005045" time="0.058">
  <properties/>
  <testcase name="givenAValidQuery_whenHasNoResults_thenShouldReturnEmptyCategories()" classname="com.gt.admin.catalogo.application.category.retrieve.list.ListCategoriesUseCaseTest" time="0.031"/>
  <testcase name="givenAValidQuery_whenCallsListCategories_thenShouldReturnCategories()" classname="com.gt.admin.catalogo.application.category.retrieve.list.ListCategoriesUseCaseTest" time="0.021"/>
  <testcase name="givenAValidQuery_whenGatewayThrowsException_shouldReturnException()" classname="com.gt.admin.catalogo.application.category.retrieve.list.ListCategoriesUseCaseTest" time="0.003"/>
  <system-out><![CDATA[]]></system-out>
  <system-err><![CDATA[]]></system-err>
</testsuite>
