<?xml version="1.0" encoding="UTF-8"?>
<testsuite name="com.gt.admin.catalogo.application.category.delete.DeleteCategoryUseCaseTest" tests="3" skipped="0" failures="0" errors="0" timestamp="2022-12-29T00:07:39" hostname="nb-005045" time="0.014">
  <properties/>
  <testcase name="givenAValidId_whenCallsDeleteCategory_shouldBeOK()" classname="com.gt.admin.catalogo.application.category.delete.DeleteCategoryUseCaseTest" time="0.006"/>
  <testcase name="givenAInvalidId_whenCallsDeleteCategory_shouldBeOK()" classname="com.gt.admin.catalogo.application.category.delete.DeleteCategoryUseCaseTest" time="0.003"/>
  <testcase name="givenAValidId_whenGatewayThrowsException_shouldReturnException()" classname="com.gt.admin.catalogo.application.category.delete.DeleteCategoryUseCaseTest" time="0.003"/>
  <system-out><![CDATA[]]></system-out>
  <system-err><![CDATA[]]></system-err>
</testsuite>
